%PARSER_ERROR[date] %PARSER_ERROR[level] [%PARSER_ERROR[thread]] %PARSER_ERROR[logger] [%PARSER_ERROR[file]:%PARSER_ERROR[line]] %PARSER_ERROR[msg]%PARSER_ERROR[n]java.lang.IllegalStateException: java.lang.IllegalStateException: Logback configuration error detected: 
ERROR in ch.qos.logback.core.pattern.parser.Compiler@764faa6 - There is no conversion class registered for conversion word [date]
ERROR in ch.qos.logback.core.pattern.parser.Compiler@764faa6 - [date] is not a valid conversion word
ERROR in ch.qos.logback.core.pattern.parser.Compiler@764faa6 - There is no conversion class registered for conversion word [level]
ERROR in ch.qos.logback.core.pattern.parser.Compiler@764faa6 - [level] is not a valid conversion word
ERROR in ch.qos.logback.core.pattern.parser.Compiler@764faa6 - There is no conversion class registered for conversion word [thread]
ERROR in ch.qos.logback.core.pattern.parser.Compiler@764faa6 - [thread] is not a valid conversion word
ERROR in ch.qos.logback.core.pattern.parser.Compiler@764faa6 - There is no conversion class registered for conversion word [logger]
ERROR in ch.qos.logback.core.pattern.parser.Compiler@764faa6 - [logger] is not a valid conversion word
ERROR in ch.qos.logback.core.pattern.parser.Compiler@764faa6 - There is no conversion class registered for conversion word [file]
ERROR in ch.qos.logback.core.pattern.parser.Compiler@764faa6 - [file] is not a valid conversion word
ERROR in ch.qos.logback.core.pattern.parser.Compiler@764faa6 - There is no conversion class registered for conversion word [line]
ERROR in ch.qos.logback.core.pattern.parser.Compiler@764faa6 - [line] is not a valid conversion word
ERROR in ch.qos.logback.core.pattern.parser.Compiler@764faa6 - There is no conversion class registered for conversion word [msg]
ERROR in ch.qos.logback.core.pattern.parser.Compiler@764faa6 - [msg] is not a valid conversion word
ERROR in ch.qos.logback.core.pattern.parser.Compiler@764faa6 - There is no conversion class registered for conversion word [n]
ERROR in ch.qos.logback.core.pattern.parser.Compiler@764faa6 - [n] is not a valid conversion word
ERROR in ch.qos.logback.core.pattern.parser.Compiler@4c1f22f3 - There is no conversion class registered for conversion word [d]
ERROR in ch.qos.logback.core.pattern.parser.Compiler@4c1f22f3 - [d] is not a valid conversion word
ERROR in ch.qos.logback.core.pattern.parser.Compiler@4c1f22f3 - There is no conversion class registered for conversion word [thread]
ERROR in ch.qos.logback.core.pattern.parser.Compiler@4c1f22f3 - [thread] is not a valid conversion word
ERROR in ch.qos.logback.core.pattern.parser.Compiler@4c1f22f3 - There is no conversion class registered for conversion word [level]
ERROR in ch.qos.logback.core.pattern.parser.Compiler@4c1f22f3 - [level] is not a valid conversion word
ERROR in ch.qos.logback.core.pattern.parser.Compiler@4c1f22f3 - There is no conversion class registered for conversion word [logger]
ERROR in ch.qos.logback.core.pattern.parser.Compiler@4c1f22f3 - [logger] is not a valid conversion word
ERROR in ch.qos.logback.core.pattern.parser.Compiler@4c1f22f3 - There is no conversion class registered for conversion word [msg]
ERROR in ch.qos.logback.core.pattern.parser.Compiler@4c1f22f3 - [msg] is not a valid conversion word
ERROR in ch.qos.logback.core.pattern.parser.Compiler@4c1f22f3 - There is no conversion class registered for conversion word [n]
ERROR in ch.qos.logback.core.pattern.parser.Compiler@4c1f22f3 - [n] is not a valid conversion word
	at org.springframework.boot.context.logging.LoggingApplicationListener.initializeSystem(LoggingApplicationListener.java:347)
	at org.springframework.boot.context.logging.LoggingApplicationListener.initialize(LoggingApplicationListener.java:298)
	at org.springframework.boot.context.logging.LoggingApplicationListener.onApplicationEnvironmentPreparedEvent(LoggingApplicationListener.java:246)
	at org.springframework.boot.context.logging.LoggingApplicationListener.onApplicationEvent(LoggingApplicationListener.java:223)
	at org.springframework.context.event.SimpleApplicationEventMulticaster.doInvokeListener(SimpleApplicationEventMulticaster.java:185)
	at org.springframework.context.event.SimpleApplicationEventMulticaster.invokeListener(SimpleApplicationEventMulticaster.java:178)
	at org.springframework.context.event.SimpleApplicationEventMulticaster.multicastEvent(SimpleApplicationEventMulticaster.java:156)
	at org.springframework.context.event.SimpleApplicationEventMulticaster.multicastEvent(SimpleApplicationEventMulticaster.java:138)
	at org.springframework.boot.context.event.EventPublishingRunListener.multicastInitialEvent(EventPublishingRunListener.java:136)
	at org.springframework.boot.context.event.EventPublishingRunListener.environmentPrepared(EventPublishingRunListener.java:81)
	at org.springframework.boot.SpringApplicationRunListeners.lambda$environmentPrepared$2(SpringApplicationRunListeners.java:64)
	at java.base/java.lang.Iterable.forEach(Iterable.java:75)
	at org.springframework.boot.SpringApplicationRunListeners.doWithListeners(SpringApplicationRunListeners.java:118)
	at org.springframework.boot.SpringApplicationRunListeners.doWithListeners(SpringApplicationRunListeners.java:112)
	at org.springframework.boot.SpringApplicationRunListeners.environmentPrepared(SpringApplicationRunListeners.java:63)
	at org.springframework.boot.SpringApplication.prepareEnvironment(SpringApplication.java:353)
	at org.springframework.boot.SpringApplication.run(SpringApplication.java:313)
	at org.springframework.boot.SpringApplication.run(SpringApplication.java:1361)
	at org.springframework.boot.SpringApplication.run(SpringApplication.java:1350)
	at ch.juventus.car_rental.CarRentalApplication.main(CarRentalApplication.java:16)
Caused by: java.lang.IllegalStateException: Logback configuration error detected: 
ERROR in ch.qos.logback.core.pattern.parser.Compiler@764faa6 - There is no conversion class registered for conversion word [date]
ERROR in ch.qos.logback.core.pattern.parser.Compiler@764faa6 - [date] is not a valid conversion word
ERROR in ch.qos.logback.core.pattern.parser.Compiler@764faa6 - There is no conversion class registered for conversion word [level]
ERROR in ch.qos.logback.core.pattern.parser.Compiler@764faa6 - [level] is not a valid conversion word
ERROR in ch.qos.logback.core.pattern.parser.Compiler@764faa6 - There is no conversion class registered for conversion word [thread]
ERROR in ch.qos.logback.core.pattern.parser.Compiler@764faa6 - [thread] is not a valid conversion word
ERROR in ch.qos.logback.core.pattern.parser.Compiler@764faa6 - There is no conversion class registered for conversion word [logger]
ERROR in ch.qos.logback.core.pattern.parser.Compiler@764faa6 - [logger] is not a valid conversion word
ERROR in ch.qos.logback.core.pattern.parser.Compiler@764faa6 - There is no conversion class registered for conversion word [file]
ERROR in ch.qos.logback.core.pattern.parser.Compiler@764faa6 - [file] is not a valid conversion word
ERROR in ch.qos.logback.core.pattern.parser.Compiler@764faa6 - There is no conversion class registered for conversion word [line]
ERROR in ch.qos.logback.core.pattern.parser.Compiler@764faa6 - [line] is not a valid conversion word
ERROR in ch.qos.logback.core.pattern.parser.Compiler@764faa6 - There is no conversion class registered for conversion word [msg]
ERROR in ch.qos.logback.core.pattern.parser.Compiler@764faa6 - [msg] is not a valid conversion word
ERROR in ch.qos.logback.core.pattern.parser.Compiler@764faa6 - There is no conversion class registered for conversion word [n]
ERROR in ch.qos.logback.core.pattern.parser.Compiler@764faa6 - [n] is not a valid conversion word
ERROR in ch.qos.logback.core.pattern.parser.Compiler@4c1f22f3 - There is no conversion class registered for conversion word [d]
ERROR in ch.qos.logback.core.pattern.parser.Compiler@4c1f22f3 - [d] is not a valid conversion word
ERROR in ch.qos.logback.core.pattern.parser.Compiler@4c1f22f3 - There is no conversion class registered for conversion word [thread]
ERROR in ch.qos.logback.core.pattern.parser.Compiler@4c1f22f3 - [thread] is not a valid conversion word
ERROR in ch.qos.logback.core.pattern.parser.Compiler@4c1f22f3 - There is no conversion class registered for conversion word [level]
ERROR in ch.qos.logback.core.pattern.parser.Compiler@4c1f22f3 - [level] is not a valid conversion word
ERROR in ch.qos.logback.core.pattern.parser.Compiler@4c1f22f3 - There is no conversion class registered for conversion word [logger]
ERROR in ch.qos.logback.core.pattern.parser.Compiler@4c1f22f3 - [logger] is not a valid conversion word
ERROR in ch.qos.logback.core.pattern.parser.Compiler@4c1f22f3 - There is no conversion class registered for conversion word [msg]
ERROR in ch.qos.logback.core.pattern.parser.Compiler@4c1f22f3 - [msg] is not a valid conversion word
ERROR in ch.qos.logback.core.pattern.parser.Compiler@4c1f22f3 - There is no conversion class registered for conversion word [n]
ERROR in ch.qos.logback.core.pattern.parser.Compiler@4c1f22f3 - [n] is not a valid conversion word
	at org.springframework.boot.logging.logback.LogbackLoggingSystem.reportConfigurationErrorsIfNecessary(LogbackLoggingSystem.java:291)
	at org.springframework.boot.logging.logback.LogbackLoggingSystem.loadConfiguration(LogbackLoggingSystem.java:269)
	at org.springframework.boot.logging.logback.LogbackLoggingSystem.reinitialize(LogbackLoggingSystem.java:344)
	at org.springframework.boot.logging.AbstractLoggingSystem.initializeWithConventions(AbstractLoggingSystem.java:74)
	at org.springframework.boot.logging.AbstractLoggingSystem.initialize(AbstractLoggingSystem.java:61)
	at org.springframework.boot.logging.logback.LogbackLoggingSystem.initialize(LogbackLoggingSystem.java:197)
	at org.springframework.boot.context.logging.LoggingApplicationListener.initializeSystem(LoggingApplicationListener.java:332)
	... 19 common frames omitted
2025-01-09 10:30:37,751 INFO [main] o.s.t.c.s.AnnotationConfigContextLoaderUtils [AnnotationConfigContextLoaderUtils.java:83] Could not detect default configuration classes for test class [ch.juventus.car_rental.CarRentalApplicationTests]: CarRentalApplicationTests does not declare any static, non-private, non-final, nested classes annotated with @Configuration.
2025-01-09 10:30:37,831 INFO [main] o.s.b.t.c.SpringBootTestContextBootstrapper [SpringBootTestContextBootstrapper.java:234] Found @SpringBootConfiguration ch.juventus.car_rental.CarRentalApplication for test class ch.juventus.car_rental.CarRentalApplicationTests
2025-01-09 10:30:38,132 INFO [main] c.j.c.CarRentalApplicationTests [StartupInfoLogger.java:53] Starting CarRentalApplicationTests using Java 21.0.5 with PID 8735 (started by yves in /home/yves/git/hs24-tsi-car-rental/back/car-rental)
2025-01-09 10:30:38,134 INFO [main] c.j.c.CarRentalApplicationTests [SpringApplication.java:652] No active profile set, falling back to 1 default profile: "default"
2025-01-09 10:30:38,790 INFO [main] o.s.d.r.c.RepositoryConfigurationDelegate [RepositoryConfigurationDelegate.java:143] Bootstrapping Spring Data JPA repositories in DEFAULT mode.
2025-01-09 10:30:38,836 INFO [main] o.s.d.r.c.RepositoryConfigurationDelegate [RepositoryConfigurationDelegate.java:211] Finished Spring Data repository scanning in 38 ms. Found 3 JPA repository interfaces.
2025-01-09 10:30:39,192 INFO [main] o.h.j.i.u.LogHelper [LogHelper.java:31] HHH000204: Processing PersistenceUnitInfo [name: default]
2025-01-09 10:30:39,235 INFO [main] o.h.Version [Version.java:44] HHH000412: Hibernate ORM core version 6.6.4.Final
2025-01-09 10:30:39,263 INFO [main] o.h.c.i.RegionFactoryInitiator [RegionFactoryInitiator.java:50] HHH000026: Second-level cache disabled
2025-01-09 10:30:39,504 INFO [main] o.s.o.j.p.SpringPersistenceUnitInfo [SpringPersistenceUnitInfo.java:87] No LoadTimeWeaver setup: ignoring JPA class transformer
2025-01-09 10:30:39,531 INFO [main] c.z.h.HikariDataSource [HikariDataSource.java:109] HikariPool-1 - Starting...
2025-01-09 10:30:39,638 INFO [main] c.z.h.p.HikariPool [HikariPool.java:554] HikariPool-1 - Added connection org.sqlite.jdbc4.JDBC4Connection@401926df
2025-01-09 10:30:39,640 INFO [main] c.z.h.HikariDataSource [HikariDataSource.java:122] HikariPool-1 - Start completed.
2025-01-09 10:30:39,668 INFO [main] o.h.o.c.pooling [JdbcEnvironmentInitiator.java:157] HHH10001005: Database info:
	Database JDBC URL [Connecting through datasource 'HikariDataSource (HikariPool-1)']
	Database driver: undefined/unknown
	Database version: 3.47.1
	Autocommit mode: undefined/unknown
	Isolation level: undefined/unknown
	Minimum pool size: undefined/unknown
	Maximum pool size: undefined/unknown
2025-01-09 10:30:40,305 INFO [main] o.h.e.t.j.p.i.JtaPlatformInitiator [JtaPlatformInitiator.java:59] HHH000489: No JTA platform available (set 'hibernate.transaction.jta.platform' to enable JTA platform integration)
2025-01-09 10:30:40,332 INFO [main] o.s.o.j.LocalContainerEntityManagerFactoryBean [AbstractEntityManagerFactoryBean.java:447] Initialized JPA EntityManagerFactory for persistence unit 'default'
2025-01-09 10:30:40,802 WARN [main] o.s.b.a.o.j.JpaBaseConfiguration$JpaWebConfiguration [JpaBaseConfiguration.java:241] spring.jpa.open-in-view is enabled by default. Therefore, database queries may be performed during view rendering. Explicitly configure spring.jpa.open-in-view to disable this warning
2025-01-09 10:30:40,848 INFO [main] o.s.v.b.OptionalValidatorFactoryBean [OptionalValidatorFactoryBean.java:48] Failed to set up a Bean Validation provider: jakarta.validation.NoProviderFoundException: Unable to create a Configuration, because no Jakarta Bean Validation provider could be found. Add a provider like Hibernate Validator (RI) to your classpath.
2025-01-09 10:30:41,278 INFO [main] c.j.c.CarRentalApplicationTests [StartupInfoLogger.java:59] Started CarRentalApplicationTests in 3.353 seconds (process running for 4.081)
2025-01-09 10:30:42,379 INFO [SpringApplicationShutdownHook] o.s.o.j.LocalContainerEntityManagerFactoryBean [AbstractEntityManagerFactoryBean.java:660] Closing JPA EntityManagerFactory for persistence unit 'default'
2025-01-09 10:30:42,381 INFO [SpringApplicationShutdownHook] c.z.h.HikariDataSource [HikariDataSource.java:349] HikariPool-1 - Shutdown initiated...
2025-01-09 10:30:42,384 INFO [SpringApplicationShutdownHook] c.z.h.HikariDataSource [HikariDataSource.java:351] HikariPool-1 - Shutdown completed.
2025-01-09 10:30:50,449 INFO [main] c.j.c.CarRentalApplication [StartupInfoLogger.java:53] Starting CarRentalApplication using Java 21.0.5 with PID 8919 (/home/yves/git/hs24-tsi-car-rental/back/car-rental/target/classes started by yves in /home/yves/git/hs24-tsi-car-rental/back/car-rental)
2025-01-09 10:30:50,451 INFO [main] c.j.c.CarRentalApplication [SpringApplication.java:652] No active profile set, falling back to 1 default profile: "default"
2025-01-09 10:30:50,911 INFO [main] o.s.d.r.c.RepositoryConfigurationDelegate [RepositoryConfigurationDelegate.java:143] Bootstrapping Spring Data JPA repositories in DEFAULT mode.
2025-01-09 10:30:50,952 INFO [main] o.s.d.r.c.RepositoryConfigurationDelegate [RepositoryConfigurationDelegate.java:211] Finished Spring Data repository scanning in 35 ms. Found 3 JPA repository interfaces.
2025-01-09 10:30:51,277 INFO [main] o.s.b.w.e.t.TomcatWebServer [TomcatWebServer.java:111] Tomcat initialized with port 8080 (http)
2025-01-09 10:30:51,286 INFO [main] o.a.c.h.Http11NioProtocol [DirectJDKLog.java:173] Initializing ProtocolHandler ["http-nio-8080"]
2025-01-09 10:30:51,288 INFO [main] o.a.c.c.StandardService [DirectJDKLog.java:173] Starting service [Tomcat]
2025-01-09 10:30:51,288 INFO [main] o.a.c.c.StandardEngine [DirectJDKLog.java:173] Starting Servlet engine: [Apache Tomcat/10.1.34]
2025-01-09 10:30:51,322 INFO [main] o.a.c.c.C.[.[.[/] [DirectJDKLog.java:173] Initializing Spring embedded WebApplicationContext
2025-01-09 10:30:51,323 INFO [main] o.s.b.w.s.c.ServletWebServerApplicationContext [ServletWebServerApplicationContext.java:296] Root WebApplicationContext: initialization completed in 846 ms
2025-01-09 10:30:51,422 INFO [main] o.h.j.i.u.LogHelper [LogHelper.java:31] HHH000204: Processing PersistenceUnitInfo [name: default]
2025-01-09 10:30:51,461 INFO [main] o.h.Version [Version.java:44] HHH000412: Hibernate ORM core version 6.6.4.Final
2025-01-09 10:30:51,482 INFO [main] o.h.c.i.RegionFactoryInitiator [RegionFactoryInitiator.java:50] HHH000026: Second-level cache disabled
2025-01-09 10:30:51,644 INFO [main] o.s.o.j.p.SpringPersistenceUnitInfo [SpringPersistenceUnitInfo.java:87] No LoadTimeWeaver setup: ignoring JPA class transformer
2025-01-09 10:30:51,663 INFO [main] c.z.h.HikariDataSource [HikariDataSource.java:109] HikariPool-1 - Starting...
2025-01-09 10:30:51,770 INFO [main] c.z.h.p.HikariPool [HikariPool.java:554] HikariPool-1 - Added connection org.sqlite.jdbc4.JDBC4Connection@443af394
2025-01-09 10:30:51,771 INFO [main] c.z.h.HikariDataSource [HikariDataSource.java:122] HikariPool-1 - Start completed.
2025-01-09 10:30:51,795 INFO [main] o.h.o.c.pooling [JdbcEnvironmentInitiator.java:157] HHH10001005: Database info:
	Database JDBC URL [Connecting through datasource 'HikariDataSource (HikariPool-1)']
	Database driver: undefined/unknown
	Database version: 3.47.1
	Autocommit mode: undefined/unknown
	Isolation level: undefined/unknown
	Minimum pool size: undefined/unknown
	Maximum pool size: undefined/unknown
2025-01-09 10:30:52,335 INFO [main] o.h.e.t.j.p.i.JtaPlatformInitiator [JtaPlatformInitiator.java:59] HHH000489: No JTA platform available (set 'hibernate.transaction.jta.platform' to enable JTA platform integration)
2025-01-09 10:30:52,360 INFO [main] o.s.o.j.LocalContainerEntityManagerFactoryBean [AbstractEntityManagerFactoryBean.java:447] Initialized JPA EntityManagerFactory for persistence unit 'default'
2025-01-09 10:30:52,659 WARN [main] o.s.b.a.o.j.JpaBaseConfiguration$JpaWebConfiguration [JpaBaseConfiguration.java:241] spring.jpa.open-in-view is enabled by default. Therefore, database queries may be performed during view rendering. Explicitly configure spring.jpa.open-in-view to disable this warning
2025-01-09 10:30:52,695 INFO [main] o.s.v.b.OptionalValidatorFactoryBean [OptionalValidatorFactoryBean.java:48] Failed to set up a Bean Validation provider: jakarta.validation.NoProviderFoundException: Unable to create a Configuration, because no Jakarta Bean Validation provider could be found. Add a provider like Hibernate Validator (RI) to your classpath.
2025-01-09 10:30:52,970 INFO [main] o.a.c.h.Http11NioProtocol [DirectJDKLog.java:173] Starting ProtocolHandler ["http-nio-8080"]
2025-01-09 10:30:52,981 INFO [main] o.s.b.w.e.t.TomcatWebServer [TomcatWebServer.java:243] Tomcat started on port 8080 (http) with context path '/'
2025-01-09 10:30:52,988 INFO [main] c.j.c.CarRentalApplication [StartupInfoLogger.java:59] Started CarRentalApplication in 2.753 seconds (process running for 3.052)
2025-01-09 10:56:33,214 INFO [SpringApplicationShutdownHook] o.s.b.w.e.t.GracefulShutdown [GracefulShutdown.java:54] Commencing graceful shutdown. Waiting for active requests to complete
2025-01-09 10:56:33,218 INFO [tomcat-shutdown] o.s.b.w.e.t.GracefulShutdown [GracefulShutdown.java:76] Graceful shutdown complete
2025-01-09 10:56:33,221 INFO [SpringApplicationShutdownHook] o.s.o.j.LocalContainerEntityManagerFactoryBean [AbstractEntityManagerFactoryBean.java:660] Closing JPA EntityManagerFactory for persistence unit 'default'
2025-01-09 10:56:33,223 INFO [SpringApplicationShutdownHook] c.z.h.HikariDataSource [HikariDataSource.java:349] HikariPool-1 - Shutdown initiated...
2025-01-09 10:56:33,224 INFO [SpringApplicationShutdownHook] c.z.h.HikariDataSource [HikariDataSource.java:351] HikariPool-1 - Shutdown completed.
2025-01-09 10:56:37,221 INFO [main] c.j.c.CarRentalApplication [StartupInfoLogger.java:53] Starting CarRentalApplication using Java 21.0.5 with PID 15904 (/home/yves/git/hs24-tsi-car-rental/back/car-rental/target/classes started by yves in /home/yves/git/hs24-tsi-car-rental/back/car-rental)
2025-01-09 10:56:37,222 INFO [main] c.j.c.CarRentalApplication [SpringApplication.java:652] No active profile set, falling back to 1 default profile: "default"
2025-01-09 10:56:37,687 INFO [main] o.s.d.r.c.RepositoryConfigurationDelegate [RepositoryConfigurationDelegate.java:143] Bootstrapping Spring Data JPA repositories in DEFAULT mode.
2025-01-09 10:56:37,727 INFO [main] o.s.d.r.c.RepositoryConfigurationDelegate [RepositoryConfigurationDelegate.java:211] Finished Spring Data repository scanning in 34 ms. Found 3 JPA repository interfaces.
2025-01-09 10:56:38,047 INFO [main] o.s.b.w.e.t.TomcatWebServer [TomcatWebServer.java:111] Tomcat initialized with port 8080 (http)
2025-01-09 10:56:38,056 INFO [main] o.a.c.h.Http11NioProtocol [DirectJDKLog.java:173] Initializing ProtocolHandler ["http-nio-8080"]
2025-01-09 10:56:38,058 INFO [main] o.a.c.c.StandardService [DirectJDKLog.java:173] Starting service [Tomcat]
2025-01-09 10:56:38,058 INFO [main] o.a.c.c.StandardEngine [DirectJDKLog.java:173] Starting Servlet engine: [Apache Tomcat/10.1.34]
2025-01-09 10:56:38,093 INFO [main] o.a.c.c.C.[.[.[/] [DirectJDKLog.java:173] Initializing Spring embedded WebApplicationContext
2025-01-09 10:56:38,094 INFO [main] o.s.b.w.s.c.ServletWebServerApplicationContext [ServletWebServerApplicationContext.java:296] Root WebApplicationContext: initialization completed in 845 ms
2025-01-09 10:56:38,205 INFO [main] o.h.j.i.u.LogHelper [LogHelper.java:31] HHH000204: Processing PersistenceUnitInfo [name: default]
2025-01-09 10:56:38,239 INFO [main] o.h.Version [Version.java:44] HHH000412: Hibernate ORM core version 6.6.4.Final
2025-01-09 10:56:38,260 INFO [main] o.h.c.i.RegionFactoryInitiator [RegionFactoryInitiator.java:50] HHH000026: Second-level cache disabled
2025-01-09 10:56:38,427 INFO [main] o.s.o.j.p.SpringPersistenceUnitInfo [SpringPersistenceUnitInfo.java:87] No LoadTimeWeaver setup: ignoring JPA class transformer
2025-01-09 10:56:38,447 INFO [main] c.z.h.HikariDataSource [HikariDataSource.java:109] HikariPool-1 - Starting...
2025-01-09 10:56:38,554 INFO [main] c.z.h.p.HikariPool [HikariPool.java:554] HikariPool-1 - Added connection org.sqlite.jdbc4.JDBC4Connection@443af394
2025-01-09 10:56:38,555 INFO [main] c.z.h.HikariDataSource [HikariDataSource.java:122] HikariPool-1 - Start completed.
2025-01-09 10:56:38,578 INFO [main] o.h.o.c.pooling [JdbcEnvironmentInitiator.java:157] HHH10001005: Database info:
	Database JDBC URL [Connecting through datasource 'HikariDataSource (HikariPool-1)']
	Database driver: undefined/unknown
	Database version: 3.47.1
	Autocommit mode: undefined/unknown
	Isolation level: undefined/unknown
	Minimum pool size: undefined/unknown
	Maximum pool size: undefined/unknown
2025-01-09 10:56:39,117 INFO [main] o.h.e.t.j.p.i.JtaPlatformInitiator [JtaPlatformInitiator.java:59] HHH000489: No JTA platform available (set 'hibernate.transaction.jta.platform' to enable JTA platform integration)
2025-01-09 10:56:39,141 INFO [main] o.s.o.j.LocalContainerEntityManagerFactoryBean [AbstractEntityManagerFactoryBean.java:447] Initialized JPA EntityManagerFactory for persistence unit 'default'
2025-01-09 10:56:39,424 WARN [main] o.s.b.a.o.j.JpaBaseConfiguration$JpaWebConfiguration [JpaBaseConfiguration.java:241] spring.jpa.open-in-view is enabled by default. Therefore, database queries may be performed during view rendering. Explicitly configure spring.jpa.open-in-view to disable this warning
2025-01-09 10:56:39,460 INFO [main] o.s.v.b.OptionalValidatorFactoryBean [OptionalValidatorFactoryBean.java:48] Failed to set up a Bean Validation provider: jakarta.validation.NoProviderFoundException: Unable to create a Configuration, because no Jakarta Bean Validation provider could be found. Add a provider like Hibernate Validator (RI) to your classpath.
2025-01-09 10:56:39,726 INFO [main] o.a.c.h.Http11NioProtocol [DirectJDKLog.java:173] Starting ProtocolHandler ["http-nio-8080"]
2025-01-09 10:56:39,737 INFO [main] o.s.b.w.e.t.TomcatWebServer [TomcatWebServer.java:243] Tomcat started on port 8080 (http) with context path '/'
2025-01-09 10:56:39,745 INFO [main] c.j.c.CarRentalApplication [StartupInfoLogger.java:59] Started CarRentalApplication in 2.74 seconds (process running for 3.043)
2025-01-09 10:57:06,115 INFO [http-nio-8080-exec-1] o.a.c.c.C.[.[.[/] [DirectJDKLog.java:173] Initializing Spring DispatcherServlet 'dispatcherServlet'
2025-01-09 10:57:06,115 INFO [http-nio-8080-exec-1] o.s.w.s.DispatcherServlet [FrameworkServlet.java:532] Initializing Servlet 'dispatcherServlet'
2025-01-09 10:57:06,117 INFO [http-nio-8080-exec-1] o.s.w.s.DispatcherServlet [FrameworkServlet.java:554] Completed initialization in 2 ms
2025-01-09 10:57:23,913 INFO [http-nio-8080-exec-9] c.j.c.s.CarService [CarService.java:88] Updated car. ID: 1
2025-01-09 10:59:31,304 INFO [http-nio-8080-exec-8] c.j.c.s.BookingService [BookingService.java:75] Created new Booking. ID: 2
2025-01-09 11:00:54,568 INFO [SpringApplicationShutdownHook] o.s.b.w.e.t.GracefulShutdown [GracefulShutdown.java:54] Commencing graceful shutdown. Waiting for active requests to complete
2025-01-09 11:00:54,572 INFO [tomcat-shutdown] o.s.b.w.e.t.GracefulShutdown [GracefulShutdown.java:76] Graceful shutdown complete
2025-01-09 11:00:54,575 INFO [SpringApplicationShutdownHook] o.s.o.j.LocalContainerEntityManagerFactoryBean [AbstractEntityManagerFactoryBean.java:660] Closing JPA EntityManagerFactory for persistence unit 'default'
2025-01-09 11:00:54,577 INFO [SpringApplicationShutdownHook] c.z.h.HikariDataSource [HikariDataSource.java:349] HikariPool-1 - Shutdown initiated...
2025-01-09 11:00:54,579 INFO [SpringApplicationShutdownHook] c.z.h.HikariDataSource [HikariDataSource.java:351] HikariPool-1 - Shutdown completed.
2025-01-09 11:00:57,615 INFO [main] c.j.c.CarRentalApplication [StartupInfoLogger.java:53] Starting CarRentalApplication using Java 21.0.5 with PID 17194 (/home/yves/git/hs24-tsi-car-rental/back/car-rental/target/classes started by yves in /home/yves/git/hs24-tsi-car-rental/back/car-rental)
2025-01-09 11:00:57,617 INFO [main] c.j.c.CarRentalApplication [SpringApplication.java:652] No active profile set, falling back to 1 default profile: "default"
2025-01-09 11:00:58,090 INFO [main] o.s.d.r.c.RepositoryConfigurationDelegate [RepositoryConfigurationDelegate.java:143] Bootstrapping Spring Data JPA repositories in DEFAULT mode.
2025-01-09 11:00:58,129 INFO [main] o.s.d.r.c.RepositoryConfigurationDelegate [RepositoryConfigurationDelegate.java:211] Finished Spring Data repository scanning in 33 ms. Found 3 JPA repository interfaces.
2025-01-09 11:00:58,451 INFO [main] o.s.b.w.e.t.TomcatWebServer [TomcatWebServer.java:111] Tomcat initialized with port 8080 (http)
2025-01-09 11:00:58,460 INFO [main] o.a.c.h.Http11NioProtocol [DirectJDKLog.java:173] Initializing ProtocolHandler ["http-nio-8080"]
2025-01-09 11:00:58,462 INFO [main] o.a.c.c.StandardService [DirectJDKLog.java:173] Starting service [Tomcat]
2025-01-09 11:00:58,462 INFO [main] o.a.c.c.StandardEngine [DirectJDKLog.java:173] Starting Servlet engine: [Apache Tomcat/10.1.34]
2025-01-09 11:00:58,498 INFO [main] o.a.c.c.C.[.[.[/] [DirectJDKLog.java:173] Initializing Spring embedded WebApplicationContext
2025-01-09 11:00:58,499 INFO [main] o.s.b.w.s.c.ServletWebServerApplicationContext [ServletWebServerApplicationContext.java:296] Root WebApplicationContext: initialization completed in 855 ms
2025-01-09 11:00:58,608 INFO [main] o.h.j.i.u.LogHelper [LogHelper.java:31] HHH000204: Processing PersistenceUnitInfo [name: default]
2025-01-09 11:00:58,642 INFO [main] o.h.Version [Version.java:44] HHH000412: Hibernate ORM core version 6.6.4.Final
2025-01-09 11:00:58,662 INFO [main] o.h.c.i.RegionFactoryInitiator [RegionFactoryInitiator.java:50] HHH000026: Second-level cache disabled
2025-01-09 11:00:58,827 INFO [main] o.s.o.j.p.SpringPersistenceUnitInfo [SpringPersistenceUnitInfo.java:87] No LoadTimeWeaver setup: ignoring JPA class transformer
2025-01-09 11:00:58,847 INFO [main] c.z.h.HikariDataSource [HikariDataSource.java:109] HikariPool-1 - Starting...
2025-01-09 11:00:58,953 INFO [main] c.z.h.p.HikariPool [HikariPool.java:554] HikariPool-1 - Added connection org.sqlite.jdbc4.JDBC4Connection@3b362f1
2025-01-09 11:00:58,955 INFO [main] c.z.h.HikariDataSource [HikariDataSource.java:122] HikariPool-1 - Start completed.
2025-01-09 11:00:58,978 INFO [main] o.h.o.c.pooling [JdbcEnvironmentInitiator.java:157] HHH10001005: Database info:
	Database JDBC URL [Connecting through datasource 'HikariDataSource (HikariPool-1)']
	Database driver: undefined/unknown
	Database version: 3.47.1
	Autocommit mode: undefined/unknown
	Isolation level: undefined/unknown
	Minimum pool size: undefined/unknown
	Maximum pool size: undefined/unknown
2025-01-09 11:00:59,506 INFO [main] o.h.e.t.j.p.i.JtaPlatformInitiator [JtaPlatformInitiator.java:59] HHH000489: No JTA platform available (set 'hibernate.transaction.jta.platform' to enable JTA platform integration)
2025-01-09 11:00:59,531 INFO [main] o.s.o.j.LocalContainerEntityManagerFactoryBean [AbstractEntityManagerFactoryBean.java:447] Initialized JPA EntityManagerFactory for persistence unit 'default'
2025-01-09 11:00:59,827 WARN [main] o.s.b.a.o.j.JpaBaseConfiguration$JpaWebConfiguration [JpaBaseConfiguration.java:241] spring.jpa.open-in-view is enabled by default. Therefore, database queries may be performed during view rendering. Explicitly configure spring.jpa.open-in-view to disable this warning
2025-01-09 11:00:59,863 INFO [main] o.s.v.b.OptionalValidatorFactoryBean [OptionalValidatorFactoryBean.java:48] Failed to set up a Bean Validation provider: jakarta.validation.NoProviderFoundException: Unable to create a Configuration, because no Jakarta Bean Validation provider could be found. Add a provider like Hibernate Validator (RI) to your classpath.
2025-01-09 11:01:00,130 INFO [main] o.a.c.h.Http11NioProtocol [DirectJDKLog.java:173] Starting ProtocolHandler ["http-nio-8080"]
2025-01-09 11:01:00,141 INFO [main] o.s.b.w.e.t.TomcatWebServer [TomcatWebServer.java:243] Tomcat started on port 8080 (http) with context path '/'
2025-01-09 11:01:00,149 INFO [main] c.j.c.CarRentalApplication [StartupInfoLogger.java:59] Started CarRentalApplication in 2.761 seconds (process running for 3.039)
2025-01-09 11:04:17,938 INFO [SpringApplicationShutdownHook] o.s.b.w.e.t.GracefulShutdown [GracefulShutdown.java:54] Commencing graceful shutdown. Waiting for active requests to complete
2025-01-09 11:04:17,943 INFO [tomcat-shutdown] o.s.b.w.e.t.GracefulShutdown [GracefulShutdown.java:76] Graceful shutdown complete
2025-01-09 11:04:17,946 INFO [SpringApplicationShutdownHook] o.s.o.j.LocalContainerEntityManagerFactoryBean [AbstractEntityManagerFactoryBean.java:660] Closing JPA EntityManagerFactory for persistence unit 'default'
2025-01-09 11:04:17,947 INFO [SpringApplicationShutdownHook] c.z.h.HikariDataSource [HikariDataSource.java:349] HikariPool-1 - Shutdown initiated...
2025-01-09 11:04:17,949 INFO [SpringApplicationShutdownHook] c.z.h.HikariDataSource [HikariDataSource.java:351] HikariPool-1 - Shutdown completed.
2025-01-09 11:04:49,056 INFO [main] c.j.c.CarRentalApplication [StartupInfoLogger.java:53] Starting CarRentalApplication using Java 21.0.5 with PID 18076 (/home/yves/git/hs24-tsi-car-rental/back/car-rental/target/classes started by yves in /home/yves/git/hs24-tsi-car-rental/back/car-rental)
2025-01-09 11:04:49,058 INFO [main] c.j.c.CarRentalApplication [SpringApplication.java:652] No active profile set, falling back to 1 default profile: "default"
2025-01-09 11:04:49,532 INFO [main] o.s.d.r.c.RepositoryConfigurationDelegate [RepositoryConfigurationDelegate.java:143] Bootstrapping Spring Data JPA repositories in DEFAULT mode.
2025-01-09 11:04:49,572 INFO [main] o.s.d.r.c.RepositoryConfigurationDelegate [RepositoryConfigurationDelegate.java:211] Finished Spring Data repository scanning in 33 ms. Found 3 JPA repository interfaces.
2025-01-09 11:04:49,899 INFO [main] o.s.b.w.e.t.TomcatWebServer [TomcatWebServer.java:111] Tomcat initialized with port 8080 (http)
2025-01-09 11:04:49,908 INFO [main] o.a.c.h.Http11NioProtocol [DirectJDKLog.java:173] Initializing ProtocolHandler ["http-nio-8080"]
2025-01-09 11:04:49,910 INFO [main] o.a.c.c.StandardService [DirectJDKLog.java:173] Starting service [Tomcat]
2025-01-09 11:04:49,910 INFO [main] o.a.c.c.StandardEngine [DirectJDKLog.java:173] Starting Servlet engine: [Apache Tomcat/10.1.34]
2025-01-09 11:04:49,946 INFO [main] o.a.c.c.C.[.[.[/] [DirectJDKLog.java:173] Initializing Spring embedded WebApplicationContext
2025-01-09 11:04:49,947 INFO [main] o.s.b.w.s.c.ServletWebServerApplicationContext [ServletWebServerApplicationContext.java:296] Root WebApplicationContext: initialization completed in 863 ms
2025-01-09 11:04:50,057 INFO [main] o.h.j.i.u.LogHelper [LogHelper.java:31] HHH000204: Processing PersistenceUnitInfo [name: default]
2025-01-09 11:04:50,090 INFO [main] o.h.Version [Version.java:44] HHH000412: Hibernate ORM core version 6.6.4.Final
2025-01-09 11:04:50,110 INFO [main] o.h.c.i.RegionFactoryInitiator [RegionFactoryInitiator.java:50] HHH000026: Second-level cache disabled
2025-01-09 11:04:50,273 INFO [main] o.s.o.j.p.SpringPersistenceUnitInfo [SpringPersistenceUnitInfo.java:87] No LoadTimeWeaver setup: ignoring JPA class transformer
2025-01-09 11:04:50,292 INFO [main] c.z.h.HikariDataSource [HikariDataSource.java:109] HikariPool-1 - Starting...
2025-01-09 11:04:50,398 INFO [main] c.z.h.p.HikariPool [HikariPool.java:554] HikariPool-1 - Added connection org.sqlite.jdbc4.JDBC4Connection@443af394
2025-01-09 11:04:50,399 INFO [main] c.z.h.HikariDataSource [HikariDataSource.java:122] HikariPool-1 - Start completed.
2025-01-09 11:04:50,423 INFO [main] o.h.o.c.pooling [JdbcEnvironmentInitiator.java:157] HHH10001005: Database info:
	Database JDBC URL [Connecting through datasource 'HikariDataSource (HikariPool-1)']
	Database driver: undefined/unknown
	Database version: 3.47.1
	Autocommit mode: undefined/unknown
	Isolation level: undefined/unknown
	Minimum pool size: undefined/unknown
	Maximum pool size: undefined/unknown
2025-01-09 11:04:50,941 INFO [main] o.h.e.t.j.p.i.JtaPlatformInitiator [JtaPlatformInitiator.java:59] HHH000489: No JTA platform available (set 'hibernate.transaction.jta.platform' to enable JTA platform integration)
2025-01-09 11:04:50,965 INFO [main] o.s.o.j.LocalContainerEntityManagerFactoryBean [AbstractEntityManagerFactoryBean.java:447] Initialized JPA EntityManagerFactory for persistence unit 'default'
2025-01-09 11:04:51,247 WARN [main] o.s.b.a.o.j.JpaBaseConfiguration$JpaWebConfiguration [JpaBaseConfiguration.java:241] spring.jpa.open-in-view is enabled by default. Therefore, database queries may be performed during view rendering. Explicitly configure spring.jpa.open-in-view to disable this warning
2025-01-09 11:04:51,282 INFO [main] o.s.v.b.OptionalValidatorFactoryBean [OptionalValidatorFactoryBean.java:48] Failed to set up a Bean Validation provider: jakarta.validation.NoProviderFoundException: Unable to create a Configuration, because no Jakarta Bean Validation provider could be found. Add a provider like Hibernate Validator (RI) to your classpath.
2025-01-09 11:04:51,547 INFO [main] o.a.c.h.Http11NioProtocol [DirectJDKLog.java:173] Starting ProtocolHandler ["http-nio-8080"]
2025-01-09 11:04:51,559 INFO [main] o.s.b.w.e.t.TomcatWebServer [TomcatWebServer.java:243] Tomcat started on port 8080 (http) with context path '/'
2025-01-09 11:04:51,566 INFO [main] c.j.c.CarRentalApplication [StartupInfoLogger.java:59] Started CarRentalApplication in 2.729 seconds (process running for 3.01)
2025-01-09 11:04:55,613 INFO [http-nio-8080-exec-1] o.a.c.c.C.[.[.[/] [DirectJDKLog.java:173] Initializing Spring DispatcherServlet 'dispatcherServlet'
2025-01-09 11:04:55,613 INFO [http-nio-8080-exec-1] o.s.w.s.DispatcherServlet [FrameworkServlet.java:532] Initializing Servlet 'dispatcherServlet'
2025-01-09 11:04:55,614 INFO [http-nio-8080-exec-1] o.s.w.s.DispatcherServlet [FrameworkServlet.java:554] Completed initialization in 1 ms
2025-01-09 11:05:09,982 INFO [http-nio-8080-exec-3] c.j.c.s.BookingService [BookingService.java:75] Created new Booking. ID: 3for CarID: 1
2025-01-09 11:06:14,234 INFO [SpringApplicationShutdownHook] o.s.b.w.e.t.GracefulShutdown [GracefulShutdown.java:54] Commencing graceful shutdown. Waiting for active requests to complete
2025-01-09 11:06:14,238 INFO [tomcat-shutdown] o.s.b.w.e.t.GracefulShutdown [GracefulShutdown.java:76] Graceful shutdown complete
2025-01-09 11:06:14,242 INFO [SpringApplicationShutdownHook] o.s.o.j.LocalContainerEntityManagerFactoryBean [AbstractEntityManagerFactoryBean.java:660] Closing JPA EntityManagerFactory for persistence unit 'default'
2025-01-09 11:06:14,244 INFO [SpringApplicationShutdownHook] c.z.h.HikariDataSource [HikariDataSource.java:349] HikariPool-1 - Shutdown initiated...
2025-01-09 11:06:14,245 INFO [SpringApplicationShutdownHook] c.z.h.HikariDataSource [HikariDataSource.java:351] HikariPool-1 - Shutdown completed.
2025-01-09 11:28:01,403 INFO [main] c.j.c.CarRentalApplication [StartupInfoLogger.java:53] Starting CarRentalApplication using Java 21.0.5 with PID 23842 (/home/yves/git/hs24-tsi-car-rental/back/car-rental/target/classes started by yves in /home/yves/git/hs24-tsi-car-rental/back/car-rental)
2025-01-09 11:28:01,405 INFO [main] c.j.c.CarRentalApplication [SpringApplication.java:652] No active profile set, falling back to 1 default profile: "default"
2025-01-09 11:28:01,879 INFO [main] o.s.d.r.c.RepositoryConfigurationDelegate [RepositoryConfigurationDelegate.java:143] Bootstrapping Spring Data JPA repositories in DEFAULT mode.
2025-01-09 11:28:01,917 INFO [main] o.s.d.r.c.RepositoryConfigurationDelegate [RepositoryConfigurationDelegate.java:211] Finished Spring Data repository scanning in 32 ms. Found 3 JPA repository interfaces.
2025-01-09 11:28:02,222 INFO [main] o.s.b.w.e.t.TomcatWebServer [TomcatWebServer.java:111] Tomcat initialized with port 8080 (http)
2025-01-09 11:28:02,230 INFO [main] o.a.c.h.Http11NioProtocol [DirectJDKLog.java:173] Initializing ProtocolHandler ["http-nio-8080"]
2025-01-09 11:28:02,232 INFO [main] o.a.c.c.StandardService [DirectJDKLog.java:173] Starting service [Tomcat]
2025-01-09 11:28:02,233 INFO [main] o.a.c.c.StandardEngine [DirectJDKLog.java:173] Starting Servlet engine: [Apache Tomcat/10.1.34]
2025-01-09 11:28:02,267 INFO [main] o.a.c.c.C.[.[.[/] [DirectJDKLog.java:173] Initializing Spring embedded WebApplicationContext
2025-01-09 11:28:02,267 INFO [main] o.s.b.w.s.c.ServletWebServerApplicationContext [ServletWebServerApplicationContext.java:296] Root WebApplicationContext: initialization completed in 837 ms
2025-01-09 11:28:02,376 INFO [main] o.h.j.i.u.LogHelper [LogHelper.java:31] HHH000204: Processing PersistenceUnitInfo [name: default]
2025-01-09 11:28:02,410 INFO [main] o.h.Version [Version.java:44] HHH000412: Hibernate ORM core version 6.6.4.Final
2025-01-09 11:28:02,430 INFO [main] o.h.c.i.RegionFactoryInitiator [RegionFactoryInitiator.java:50] HHH000026: Second-level cache disabled
2025-01-09 11:28:02,592 INFO [main] o.s.o.j.p.SpringPersistenceUnitInfo [SpringPersistenceUnitInfo.java:87] No LoadTimeWeaver setup: ignoring JPA class transformer
2025-01-09 11:28:02,611 INFO [main] c.z.h.HikariDataSource [HikariDataSource.java:109] HikariPool-1 - Starting...
2025-01-09 11:28:02,715 INFO [main] c.z.h.p.HikariPool [HikariPool.java:554] HikariPool-1 - Added connection org.sqlite.jdbc4.JDBC4Connection@443af394
2025-01-09 11:28:02,716 INFO [main] c.z.h.HikariDataSource [HikariDataSource.java:122] HikariPool-1 - Start completed.
2025-01-09 11:28:02,739 INFO [main] o.h.o.c.pooling [JdbcEnvironmentInitiator.java:157] HHH10001005: Database info:
	Database JDBC URL [Connecting through datasource 'HikariDataSource (HikariPool-1)']
	Database driver: undefined/unknown
	Database version: 3.47.1
	Autocommit mode: undefined/unknown
	Isolation level: undefined/unknown
	Minimum pool size: undefined/unknown
	Maximum pool size: undefined/unknown
2025-01-09 11:28:03,262 INFO [main] o.h.e.t.j.p.i.JtaPlatformInitiator [JtaPlatformInitiator.java:59] HHH000489: No JTA platform available (set 'hibernate.transaction.jta.platform' to enable JTA platform integration)
2025-01-09 11:28:03,286 INFO [main] o.s.o.j.LocalContainerEntityManagerFactoryBean [AbstractEntityManagerFactoryBean.java:447] Initialized JPA EntityManagerFactory for persistence unit 'default'
2025-01-09 11:28:03,580 WARN [main] o.s.b.a.o.j.JpaBaseConfiguration$JpaWebConfiguration [JpaBaseConfiguration.java:241] spring.jpa.open-in-view is enabled by default. Therefore, database queries may be performed during view rendering. Explicitly configure spring.jpa.open-in-view to disable this warning
2025-01-09 11:28:03,616 INFO [main] o.s.v.b.OptionalValidatorFactoryBean [OptionalValidatorFactoryBean.java:48] Failed to set up a Bean Validation provider: jakarta.validation.NoProviderFoundException: Unable to create a Configuration, because no Jakarta Bean Validation provider could be found. Add a provider like Hibernate Validator (RI) to your classpath.
2025-01-09 11:28:03,885 INFO [main] o.a.c.h.Http11NioProtocol [DirectJDKLog.java:173] Starting ProtocolHandler ["http-nio-8080"]
2025-01-09 11:28:03,896 INFO [main] o.s.b.w.e.t.TomcatWebServer [TomcatWebServer.java:243] Tomcat started on port 8080 (http) with context path '/'
2025-01-09 11:28:03,904 INFO [main] c.j.c.CarRentalApplication [StartupInfoLogger.java:59] Started CarRentalApplication in 2.717 seconds (process running for 3.003)
